<?xml version="1.0" encoding="UTF-8"?>
<!-- Generated by org.testng.reporters.JUnitReportReporter -->
<testsuite skipped="1" hostname="lenovo" name="tests.HomePageTest" tests="2" failures="0" timestamp="01 Jul 2019 16:54:57 GMT" time="135.394" errors="0">
  <testcase name="searchProperty" time="135.394" classname="tests.HomePageTest"/>
  <testcase name="verifytitle" classname="tests.HomePageTest">
    <skipped/>
  </testcase> <!-- verifytitle -->
</testsuite> <!-- tests.HomePageTest -->
