<?xml version="1.0" encoding="UTF-8"?>
<!-- Generated by org.testng.reporters.JUnitReportReporter -->
<testsuite skipped="0" hostname="lenovo" name="tests.PropertResultsPageTest" tests="2" failures="0" timestamp="01 Jul 2019 17:53:36 GMT" time="27.383" errors="0">
  <testcase name="prices" time="1.913" classname="tests.PropertResultsPageTest"/>
  <testcase name="selectproperty" time="25.470" classname="tests.PropertResultsPageTest"/>
</testsuite> <!-- tests.PropertResultsPageTest -->
