<?xml version="1.0" encoding="UTF-8"?>
<!-- Generated by org.testng.reporters.JUnitReportReporter -->
<testsuite skipped="0" hostname="lenovo" name="tests.PropertyDetailsPageTest" tests="1" failures="0" timestamp="01 Jul 2019 18:26:51 GMT" time="0.015" errors="0">
  <testcase name="agentdetails" time="0.015" classname="tests.PropertyDetailsPageTest"/>
</testsuite> <!-- tests.PropertyDetailsPageTest -->
